TN:
SF:src/index.js
FN:9,getPythonVersion
FN:23,run
FNF:2
FNH:2
FNDA:3,getPythonVersion
FNDA:4,run
DA:1,1
DA:2,1
DA:3,1
DA:4,1
DA:5,1
DA:7,1
DA:10,3
DA:11,3
DA:12,3
DA:13,3
DA:19,0
DA:24,4
DA:25,4
DA:28,3
DA:29,3
DA:31,3
DA:32,3
DA:33,3
DA:34,3
DA:35,3
DA:36,3
DA:39,3
DA:41,3
DA:42,4
DA:43,4
DA:48,3
DA:52,3
DA:54,3
DA:55,1
DA:56,1
DA:57,2
DA:58,1
DA:61,1
DA:63,1
DA:66,1
DA:68,1
DA:72,1
DA:77,1
LF:38
LH:37
BRDA:12,0,0,3
BRDA:12,0,1,0
BRDA:35,1,0,3
BRDA:35,1,1,0
BRDA:43,2,0,3
BRDA:43,2,1,1
BRDA:44,3,0,4
BRDA:44,3,1,4
BRDA:54,4,0,1
BRDA:54,4,1,2
BRDA:57,5,0,1
BRDA:57,5,1,1
BRF:12
BRH:10
end_of_record
